{"/Users/hakim/projects/mytheresa/src/App.js": {"path":"/Users/hakim/projects/mytheresa/src/App.js","statementMap":{"0":{"start":{"line":6,"column":12},"end":{"line":12,"column":1}},"1":{"start":{"line":7,"column":2},"end":{"line":11,"column":4}}},"fnMap":{"0":{"name":"(anonymous_0)","decl":{"start":{"line":6,"column":12},"end":{"line":6,"column":13}},"loc":{"start":{"line":6,"column":18},"end":{"line":12,"column":1}},"line":6}},"branchMap":{},"s":{"0":0,"1":0},"f":{"0":0},"b":{}}
,"/Users/hakim/projects/mytheresa/src/apis/base.js": {"path":"/Users/hakim/projects/mytheresa/src/apis/base.js","statementMap":{"0":{"start":{"line":4,"column":21},"end":{"line":4,"column":78}},"1":{"start":{"line":4,"column":29},"end":{"line":4,"column":78}},"2":{"start":{"line":4,"column":54},"end":{"line":4,"column":77}},"3":{"start":{"line":6,"column":27},"end":{"line":25,"column":1}},"4":{"start":{"line":7,"column":17},"end":{"line":18,"column":7}},"5":{"start":{"line":20,"column":2},"end":{"line":20,"column":141}},"6":{"start":{"line":20,"column":92},"end":{"line":20,"column":141}},"7":{"start":{"line":22,"column":14},"end":{"line":22,"column":117}},"8":{"start":{"line":24,"column":2},"end":{"line":24,"column":13}}},"fnMap":{"0":{"name":"(anonymous_0)","decl":{"start":{"line":4,"column":21},"end":{"line":4,"column":22}},"loc":{"start":{"line":4,"column":29},"end":{"line":4,"column":78}},"line":4},"1":{"name":"(anonymous_1)","decl":{"start":{"line":4,"column":41},"end":{"line":4,"column":42}},"loc":{"start":{"line":4,"column":54},"end":{"line":4,"column":77}},"line":4},"2":{"name":"(anonymous_2)","decl":{"start":{"line":6,"column":27},"end":{"line":6,"column":28}},"loc":{"start":{"line":6,"column":93},"end":{"line":25,"column":1}},"line":6}},"branchMap":{"0":{"loc":{"start":{"line":6,"column":58},"end":{"line":6,"column":68}},"type":"default-arg","locations":[{"start":{"line":6,"column":66},"end":{"line":6,"column":68}}],"line":6},"1":{"loc":{"start":{"line":6,"column":70},"end":{"line":6,"column":88}},"type":"default-arg","locations":[{"start":{"line":6,"column":83},"end":{"line":6,"column":88}}],"line":6},"2":{"loc":{"start":{"line":7,"column":17},"end":{"line":18,"column":7}},"type":"cond-expr","locations":[{"start":{"line":8,"column":6},"end":{"line":13,"column":7}},{"start":{"line":14,"column":6},"end":{"line":18,"column":7}}],"line":7},"3":{"loc":{"start":{"line":20,"column":2},"end":{"line":20,"column":141}},"type":"if","locations":[{"start":{"line":20,"column":2},"end":{"line":20,"column":141}},{"start":{},"end":{}}],"line":20},"4":{"loc":{"start":{"line":20,"column":6},"end":{"line":20,"column":90}},"type":"binary-expr","locations":[{"start":{"line":20,"column":6},"end":{"line":20,"column":23}},{"start":{"line":20,"column":27},"end":{"line":20,"column":51}},{"start":{"line":20,"column":55},"end":{"line":20,"column":90}}],"line":20},"5":{"loc":{"start":{"line":22,"column":14},"end":{"line":22,"column":117}},"type":"cond-expr","locations":[{"start":{"line":22,"column":34},"end":{"line":22,"column":71}},{"start":{"line":22,"column":74},"end":{"line":22,"column":117}}],"line":22}},"s":{"0":0,"1":0,"2":0,"3":0,"4":0,"5":0,"6":0,"7":0,"8":0},"f":{"0":0,"1":0,"2":0},"b":{"0":[0],"1":[0],"2":[0,0],"3":[0,0],"4":[0,0,0],"5":[0,0]}}
,"/Users/hakim/projects/mytheresa/src/apis/movie.js": {"path":"/Users/hakim/projects/mytheresa/src/apis/movie.js","statementMap":{"0":{"start":{"line":8,"column":32},"end":{"line":20,"column":1}},"1":{"start":{"line":9,"column":2},"end":{"line":9,"column":20}},"2":{"start":{"line":10,"column":2},"end":{"line":19,"column":3}},"3":{"start":{"line":13,"column":21},"end":{"line":13,"column":128}},"4":{"start":{"line":14,"column":16},"end":{"line":14,"column":58}},"5":{"start":{"line":16,"column":4},"end":{"line":16,"column":15}},"6":{"start":{"line":18,"column":4},"end":{"line":18,"column":32}},"7":{"start":{"line":23,"column":24},"end":{"line":34,"column":1}},"8":{"start":{"line":24,"column":2},"end":{"line":24,"column":20}},"9":{"start":{"line":25,"column":2},"end":{"line":33,"column":3}},"10":{"start":{"line":27,"column":21},"end":{"line":27,"column":96}},"11":{"start":{"line":28,"column":16},"end":{"line":28,"column":58}},"12":{"start":{"line":30,"column":4},"end":{"line":30,"column":15}},"13":{"start":{"line":32,"column":4},"end":{"line":32,"column":32}}},"fnMap":{"0":{"name":"(anonymous_0)","decl":{"start":{"line":8,"column":32},"end":{"line":8,"column":33}},"loc":{"start":{"line":8,"column":63},"end":{"line":20,"column":1}},"line":8},"1":{"name":"(anonymous_1)","decl":{"start":{"line":23,"column":24},"end":{"line":23,"column":25}},"loc":{"start":{"line":23,"column":43},"end":{"line":34,"column":1}},"line":23}},"branchMap":{},"s":{"0":0,"1":0,"2":0,"3":0,"4":0,"5":0,"6":0,"7":0,"8":0,"9":0,"10":0,"11":0,"12":0,"13":0},"f":{"0":0,"1":0},"b":{}}
,"/Users/hakim/projects/mytheresa/src/components/carousel/Carousel.js": {"path":"/Users/hakim/projects/mytheresa/src/components/carousel/Carousel.js","statementMap":{"0":{"start":{"line":7,"column":17},"end":{"line":43,"column":1}},"1":{"start":{"line":8,"column":34},"end":{"line":8,"column":45}},"2":{"start":{"line":10,"column":14},"end":{"line":10,"column":25}},"3":{"start":{"line":12,"column":20},"end":{"line":14,"column":3}},"4":{"start":{"line":13,"column":4},"end":{"line":13,"column":57}},"5":{"start":{"line":16,"column":21},"end":{"line":18,"column":3}},"6":{"start":{"line":17,"column":4},"end":{"line":17,"column":57}},"7":{"start":{"line":19,"column":2},"end":{"line":21,"column":3}},"8":{"start":{"line":20,"column":4},"end":{"line":20,"column":16}},"9":{"start":{"line":22,"column":2},"end":{"line":42,"column":4}},"10":{"start":{"line":27,"column":8},"end":{"line":39,"column":10}}},"fnMap":{"0":{"name":"(anonymous_0)","decl":{"start":{"line":7,"column":17},"end":{"line":7,"column":18}},"loc":{"start":{"line":7,"column":42},"end":{"line":43,"column":1}},"line":7},"1":{"name":"(anonymous_1)","decl":{"start":{"line":12,"column":20},"end":{"line":12,"column":21}},"loc":{"start":{"line":12,"column":26},"end":{"line":14,"column":3}},"line":12},"2":{"name":"(anonymous_2)","decl":{"start":{"line":16,"column":21},"end":{"line":16,"column":22}},"loc":{"start":{"line":16,"column":27},"end":{"line":18,"column":3}},"line":16},"3":{"name":"(anonymous_3)","decl":{"start":{"line":26,"column":16},"end":{"line":26,"column":17}},"loc":{"start":{"line":26,"column":28},"end":{"line":40,"column":7}},"line":26}},"branchMap":{"0":{"loc":{"start":{"line":13,"column":16},"end":{"line":13,"column":55}},"type":"cond-expr","locations":[{"start":{"line":13,"column":33},"end":{"line":13,"column":40}},{"start":{"line":13,"column":43},"end":{"line":13,"column":55}}],"line":13},"1":{"loc":{"start":{"line":17,"column":16},"end":{"line":17,"column":55}},"type":"cond-expr","locations":[{"start":{"line":17,"column":39},"end":{"line":17,"column":40}},{"start":{"line":17,"column":43},"end":{"line":17,"column":55}}],"line":17},"2":{"loc":{"start":{"line":19,"column":2},"end":{"line":21,"column":3}},"type":"if","locations":[{"start":{"line":19,"column":2},"end":{"line":21,"column":3}},{"start":{},"end":{}}],"line":19},"3":{"loc":{"start":{"line":19,"column":6},"end":{"line":19,"column":46}},"type":"binary-expr","locations":[{"start":{"line":19,"column":6},"end":{"line":19,"column":26}},{"start":{"line":19,"column":30},"end":{"line":19,"column":46}}],"line":19},"4":{"loc":{"start":{"line":28,"column":26},"end":{"line":28,"column":69}},"type":"cond-expr","locations":[{"start":{"line":28,"column":45},"end":{"line":28,"column":59}},{"start":{"line":28,"column":62},"end":{"line":28,"column":69}}],"line":28},"5":{"loc":{"start":{"line":29,"column":13},"end":{"line":37,"column":13}},"type":"binary-expr","locations":[{"start":{"line":29,"column":13},"end":{"line":29,"column":29}},{"start":{"line":30,"column":14},"end":{"line":36,"column":17}}],"line":29}},"s":{"0":0,"1":0,"2":0,"3":0,"4":0,"5":0,"6":0,"7":0,"8":0,"9":0,"10":0},"f":{"0":0,"1":0,"2":0,"3":0},"b":{"0":[0,0],"1":[0,0],"2":[0,0],"3":[0,0],"4":[0,0],"5":[0,0]}}
,"/Users/hakim/projects/mytheresa/src/components/common/footer/Footer.js": {"path":"/Users/hakim/projects/mytheresa/src/components/common/footer/Footer.js","statementMap":{"0":{"start":{"line":5,"column":15},"end":{"line":17,"column":1}},"1":{"start":{"line":6,"column":2},"end":{"line":16,"column":4}}},"fnMap":{"0":{"name":"(anonymous_0)","decl":{"start":{"line":5,"column":15},"end":{"line":5,"column":16}},"loc":{"start":{"line":5,"column":21},"end":{"line":17,"column":1}},"line":5}},"branchMap":{},"s":{"0":0,"1":0},"f":{"0":0},"b":{}}
,"/Users/hakim/projects/mytheresa/src/components/common/header/Header.js": {"path":"/Users/hakim/projects/mytheresa/src/components/common/header/Header.js","statementMap":{"0":{"start":{"line":6,"column":15},"end":{"line":30,"column":1}},"1":{"start":{"line":7,"column":19},"end":{"line":7,"column":67}},"2":{"start":{"line":7,"column":46},"end":{"line":7,"column":66}},"3":{"start":{"line":8,"column":22},"end":{"line":8,"column":54}},"4":{"start":{"line":9,"column":19},"end":{"line":9,"column":92}},"5":{"start":{"line":11,"column":2},"end":{"line":29,"column":4}}},"fnMap":{"0":{"name":"(anonymous_0)","decl":{"start":{"line":6,"column":15},"end":{"line":6,"column":16}},"loc":{"start":{"line":6,"column":21},"end":{"line":30,"column":1}},"line":6},"1":{"name":"(anonymous_1)","decl":{"start":{"line":7,"column":31},"end":{"line":7,"column":32}},"loc":{"start":{"line":7,"column":46},"end":{"line":7,"column":66}},"line":7}},"branchMap":{"0":{"loc":{"start":{"line":9,"column":19},"end":{"line":9,"column":92}},"type":"cond-expr","locations":[{"start":{"line":9,"column":64},"end":{"line":9,"column":87}},{"start":{"line":9,"column":90},"end":{"line":9,"column":92}}],"line":9},"1":{"loc":{"start":{"line":9,"column":19},"end":{"line":9,"column":61}},"type":"binary-expr","locations":[{"start":{"line":9,"column":19},"end":{"line":9,"column":30}},{"start":{"line":9,"column":34},"end":{"line":9,"column":61}}],"line":9},"2":{"loc":{"start":{"line":22,"column":49},"end":{"line":22,"column":83}},"type":"binary-expr","locations":[{"start":{"line":22,"column":49},"end":{"line":22,"column":64}},{"start":{"line":22,"column":68},"end":{"line":22,"column":83}}],"line":22}},"s":{"0":0,"1":0,"2":0,"3":0,"4":0,"5":0},"f":{"0":0,"1":0},"b":{"0":[0,0],"1":[0,0],"2":[0,0]}}
,"/Users/hakim/projects/mytheresa/src/components/common/loader/Loader.js": {"path":"/Users/hakim/projects/mytheresa/src/components/common/loader/Loader.js","statementMap":{"0":{"start":{"line":4,"column":15},"end":{"line":6,"column":1}},"1":{"start":{"line":5,"column":2},"end":{"line":5,"column":46}}},"fnMap":{"0":{"name":"(anonymous_0)","decl":{"start":{"line":4,"column":15},"end":{"line":4,"column":16}},"loc":{"start":{"line":4,"column":48},"end":{"line":6,"column":1}},"line":4}},"branchMap":{"0":{"loc":{"start":{"line":4,"column":18},"end":{"line":4,"column":41}},"type":"default-arg","locations":[{"start":{"line":4,"column":24},"end":{"line":4,"column":41}}],"line":4}},"s":{"0":0,"1":0},"f":{"0":0},"b":{"0":[0]}}
,"/Users/hakim/projects/mytheresa/src/pages/about/About.js": {"path":"/Users/hakim/projects/mytheresa/src/pages/about/About.js","statementMap":{"0":{"start":{"line":4,"column":14},"end":{"line":12,"column":1}},"1":{"start":{"line":5,"column":2},"end":{"line":11,"column":4}}},"fnMap":{"0":{"name":"(anonymous_0)","decl":{"start":{"line":4,"column":14},"end":{"line":4,"column":15}},"loc":{"start":{"line":4,"column":20},"end":{"line":12,"column":1}},"line":4}},"branchMap":{},"s":{"0":0,"1":0},"f":{"0":0},"b":{}}
,"/Users/hakim/projects/mytheresa/src/pages/home/Home.js": {"path":"/Users/hakim/projects/mytheresa/src/pages/home/Home.js","statementMap":{"0":{"start":{"line":11,"column":13},"end":{"line":58,"column":1}},"1":{"start":{"line":12,"column":32},"end":{"line":12,"column":47}},"2":{"start":{"line":13,"column":19},"end":{"line":13,"column":32}},"3":{"start":{"line":15,"column":23},"end":{"line":15,"column":75}},"4":{"start":{"line":15,"column":50},"end":{"line":15,"column":74}},"5":{"start":{"line":16,"column":22},"end":{"line":16,"column":73}},"6":{"start":{"line":16,"column":49},"end":{"line":16,"column":72}},"7":{"start":{"line":17,"column":22},"end":{"line":17,"column":73}},"8":{"start":{"line":17,"column":49},"end":{"line":17,"column":72}},"9":{"start":{"line":18,"column":19},"end":{"line":18,"column":32}},"10":{"start":{"line":20,"column":2},"end":{"line":44,"column":17}},"11":{"start":{"line":21,"column":30},"end":{"line":40,"column":5}},"12":{"start":{"line":22,"column":6},"end":{"line":22,"column":23}},"13":{"start":{"line":23,"column":23},"end":{"line":23,"column":66}},"14":{"start":{"line":24,"column":6},"end":{"line":39,"column":7}},"15":{"start":{"line":25,"column":8},"end":{"line":31,"column":9}},"16":{"start":{"line":26,"column":10},"end":{"line":26,"column":76}},"17":{"start":{"line":27,"column":15},"end":{"line":31,"column":9}},"18":{"start":{"line":28,"column":10},"end":{"line":28,"column":75}},"19":{"start":{"line":29,"column":15},"end":{"line":31,"column":9}},"20":{"start":{"line":30,"column":10},"end":{"line":30,"column":75}},"21":{"start":{"line":32,"column":8},"end":{"line":32,"column":26}},"22":{"start":{"line":33,"column":8},"end":{"line":33,"column":31}},"23":{"start":{"line":36,"column":8},"end":{"line":36,"column":26}},"24":{"start":{"line":37,"column":8},"end":{"line":37,"column":52}},"25":{"start":{"line":41,"column":4},"end":{"line":41,"column":29}},"26":{"start":{"line":42,"column":4},"end":{"line":42,"column":29}},"27":{"start":{"line":43,"column":4},"end":{"line":43,"column":30}},"28":{"start":{"line":46,"column":2},"end":{"line":48,"column":3}},"29":{"start":{"line":47,"column":4},"end":{"line":47,"column":22}},"30":{"start":{"line":49,"column":2},"end":{"line":57,"column":4}}},"fnMap":{"0":{"name":"(anonymous_0)","decl":{"start":{"line":11,"column":13},"end":{"line":11,"column":14}},"loc":{"start":{"line":11,"column":19},"end":{"line":58,"column":1}},"line":11},"1":{"name":"(anonymous_1)","decl":{"start":{"line":15,"column":35},"end":{"line":15,"column":36}},"loc":{"start":{"line":15,"column":50},"end":{"line":15,"column":74}},"line":15},"2":{"name":"(anonymous_2)","decl":{"start":{"line":16,"column":34},"end":{"line":16,"column":35}},"loc":{"start":{"line":16,"column":49},"end":{"line":16,"column":72}},"line":16},"3":{"name":"(anonymous_3)","decl":{"start":{"line":17,"column":34},"end":{"line":17,"column":35}},"loc":{"start":{"line":17,"column":49},"end":{"line":17,"column":72}},"line":17},"4":{"name":"(anonymous_4)","decl":{"start":{"line":20,"column":12},"end":{"line":20,"column":13}},"loc":{"start":{"line":20,"column":18},"end":{"line":44,"column":3}},"line":20},"5":{"name":"(anonymous_5)","decl":{"start":{"line":21,"column":30},"end":{"line":21,"column":31}},"loc":{"start":{"line":21,"column":61},"end":{"line":40,"column":5}},"line":21}},"branchMap":{"0":{"loc":{"start":{"line":24,"column":6},"end":{"line":39,"column":7}},"type":"if","locations":[{"start":{"line":24,"column":6},"end":{"line":39,"column":7}},{"start":{"line":35,"column":13},"end":{"line":39,"column":7}}],"line":24},"1":{"loc":{"start":{"line":25,"column":8},"end":{"line":31,"column":9}},"type":"if","locations":[{"start":{"line":25,"column":8},"end":{"line":31,"column":9}},{"start":{"line":27,"column":15},"end":{"line":31,"column":9}}],"line":25},"2":{"loc":{"start":{"line":26,"column":10},"end":{"line":26,"column":75}},"type":"binary-expr","locations":[{"start":{"line":26,"column":10},"end":{"line":26,"column":23}},{"start":{"line":26,"column":27},"end":{"line":26,"column":75}}],"line":26},"3":{"loc":{"start":{"line":27,"column":15},"end":{"line":31,"column":9}},"type":"if","locations":[{"start":{"line":27,"column":15},"end":{"line":31,"column":9}},{"start":{"line":29,"column":15},"end":{"line":31,"column":9}}],"line":27},"4":{"loc":{"start":{"line":28,"column":10},"end":{"line":28,"column":74}},"type":"binary-expr","locations":[{"start":{"line":28,"column":10},"end":{"line":28,"column":23}},{"start":{"line":28,"column":27},"end":{"line":28,"column":74}}],"line":28},"5":{"loc":{"start":{"line":29,"column":15},"end":{"line":31,"column":9}},"type":"if","locations":[{"start":{"line":29,"column":15},"end":{"line":31,"column":9}},{"start":{},"end":{}}],"line":29},"6":{"loc":{"start":{"line":30,"column":10},"end":{"line":30,"column":74}},"type":"binary-expr","locations":[{"start":{"line":30,"column":10},"end":{"line":30,"column":23}},{"start":{"line":30,"column":27},"end":{"line":30,"column":74}}],"line":30},"7":{"loc":{"start":{"line":37,"column":22},"end":{"line":37,"column":50}},"type":"binary-expr","locations":[{"start":{"line":37,"column":22},"end":{"line":37,"column":30}},{"start":{"line":37,"column":34},"end":{"line":37,"column":50}}],"line":37},"8":{"loc":{"start":{"line":46,"column":2},"end":{"line":48,"column":3}},"type":"if","locations":[{"start":{"line":46,"column":2},"end":{"line":48,"column":3}},{"start":{},"end":{}}],"line":46}},"s":{"0":0,"1":0,"2":0,"3":0,"4":0,"5":0,"6":0,"7":0,"8":0,"9":0,"10":0,"11":0,"12":0,"13":0,"14":0,"15":0,"16":0,"17":0,"18":0,"19":0,"20":0,"21":0,"22":0,"23":0,"24":0,"25":0,"26":0,"27":0,"28":0,"29":0,"30":0},"f":{"0":0,"1":0,"2":0,"3":0,"4":0,"5":0},"b":{"0":[0,0],"1":[0,0],"2":[0,0],"3":[0,0],"4":[0,0],"5":[0,0],"6":[0,0],"7":[0,0],"8":[0,0]}}
,"/Users/hakim/projects/mytheresa/src/pages/moviedetails/Details.js": {"path":"/Users/hakim/projects/mytheresa/src/pages/moviedetails/Details.js","statementMap":{"0":{"start":{"line":17,"column":16},"end":{"line":118,"column":1}},"1":{"start":{"line":18,"column":32},"end":{"line":18,"column":47}},"2":{"start":{"line":19,"column":28},"end":{"line":19,"column":43}},"3":{"start":{"line":20,"column":23},"end":{"line":20,"column":75}},"4":{"start":{"line":20,"column":50},"end":{"line":20,"column":74}},"5":{"start":{"line":22,"column":19},"end":{"line":22,"column":32}},"6":{"start":{"line":24,"column":19},"end":{"line":24,"column":32}},"7":{"start":{"line":25,"column":13},"end":{"line":25,"column":52}},"8":{"start":{"line":26,"column":2},"end":{"line":26,"column":22}},"9":{"start":{"line":28,"column":2},"end":{"line":44,"column":17}},"10":{"start":{"line":29,"column":4},"end":{"line":29,"column":21}},"11":{"start":{"line":30,"column":25},"end":{"line":41,"column":5}},"12":{"start":{"line":31,"column":18},"end":{"line":31,"column":38}},"13":{"start":{"line":33,"column":6},"end":{"line":40,"column":7}},"14":{"start":{"line":34,"column":8},"end":{"line":34,"column":44}},"15":{"start":{"line":35,"column":8},"end":{"line":35,"column":26}},"16":{"start":{"line":37,"column":8},"end":{"line":37,"column":26}},"17":{"start":{"line":38,"column":8},"end":{"line":38,"column":52}},"18":{"start":{"line":43,"column":4},"end":{"line":43,"column":19}},"19":{"start":{"line":46,"column":24},"end":{"line":49,"column":3}},"20":{"start":{"line":47,"column":4},"end":{"line":47,"column":19}},"21":{"start":{"line":48,"column":4},"end":{"line":48,"column":40}},"22":{"start":{"line":51,"column":29},"end":{"line":54,"column":3}},"23":{"start":{"line":52,"column":4},"end":{"line":52,"column":47}},"24":{"start":{"line":53,"column":4},"end":{"line":53,"column":20}},"25":{"start":{"line":56,"column":2},"end":{"line":58,"column":3}},"26":{"start":{"line":57,"column":4},"end":{"line":57,"column":22}},"27":{"start":{"line":59,"column":2},"end":{"line":117,"column":4}}},"fnMap":{"0":{"name":"(anonymous_0)","decl":{"start":{"line":17,"column":16},"end":{"line":17,"column":17}},"loc":{"start":{"line":17,"column":22},"end":{"line":118,"column":1}},"line":17},"1":{"name":"(anonymous_1)","decl":{"start":{"line":20,"column":35},"end":{"line":20,"column":36}},"loc":{"start":{"line":20,"column":50},"end":{"line":20,"column":74}},"line":20},"2":{"name":"(anonymous_2)","decl":{"start":{"line":28,"column":12},"end":{"line":28,"column":13}},"loc":{"start":{"line":28,"column":18},"end":{"line":44,"column":3}},"line":28},"3":{"name":"(anonymous_3)","decl":{"start":{"line":30,"column":25},"end":{"line":30,"column":26}},"loc":{"start":{"line":30,"column":37},"end":{"line":41,"column":5}},"line":30},"4":{"name":"(anonymous_4)","decl":{"start":{"line":46,"column":24},"end":{"line":46,"column":25}},"loc":{"start":{"line":46,"column":30},"end":{"line":49,"column":3}},"line":46},"5":{"name":"(anonymous_5)","decl":{"start":{"line":51,"column":29},"end":{"line":51,"column":30}},"loc":{"start":{"line":51,"column":35},"end":{"line":54,"column":3}},"line":51}},"branchMap":{"0":{"loc":{"start":{"line":33,"column":6},"end":{"line":40,"column":7}},"type":"if","locations":[{"start":{"line":33,"column":6},"end":{"line":40,"column":7}},{"start":{"line":36,"column":13},"end":{"line":40,"column":7}}],"line":33},"1":{"loc":{"start":{"line":38,"column":22},"end":{"line":38,"column":50}},"type":"binary-expr","locations":[{"start":{"line":38,"column":22},"end":{"line":38,"column":30}},{"start":{"line":38,"column":34},"end":{"line":38,"column":50}}],"line":38},"2":{"loc":{"start":{"line":56,"column":2},"end":{"line":58,"column":3}},"type":"if","locations":[{"start":{"line":56,"column":2},"end":{"line":58,"column":3}},{"start":{},"end":{}}],"line":56},"3":{"loc":{"start":{"line":61,"column":7},"end":{"line":115,"column":14}},"type":"cond-expr","locations":[{"start":{"line":62,"column":8},"end":{"line":114,"column":11}},{"start":{"line":115,"column":10},"end":{"line":115,"column":14}}],"line":61},"4":{"loc":{"start":{"line":61,"column":7},"end":{"line":61,"column":59}},"type":"binary-expr","locations":[{"start":{"line":61,"column":7},"end":{"line":61,"column":19}},{"start":{"line":61,"column":23},"end":{"line":61,"column":59}}],"line":61},"5":{"loc":{"start":{"line":68,"column":15},"end":{"line":72,"column":15}},"type":"binary-expr","locations":[{"start":{"line":68,"column":15},"end":{"line":68,"column":20}},{"start":{"line":69,"column":16},"end":{"line":71,"column":25}}],"line":68},"6":{"loc":{"start":{"line":74,"column":15},"end":{"line":78,"column":15}},"type":"binary-expr","locations":[{"start":{"line":74,"column":15},"end":{"line":74,"column":21}},{"start":{"line":75,"column":16},"end":{"line":77,"column":25}}],"line":74}},"s":{"0":0,"1":0,"2":0,"3":0,"4":0,"5":0,"6":0,"7":0,"8":0,"9":0,"10":0,"11":0,"12":0,"13":0,"14":0,"15":0,"16":0,"17":0,"18":0,"19":0,"20":0,"21":0,"22":0,"23":0,"24":0,"25":0,"26":0,"27":0},"f":{"0":0,"1":0,"2":0,"3":0,"4":0,"5":0},"b":{"0":[0,0],"1":[0,0],"2":[0,0],"3":[0,0],"4":[0,0],"5":[0,0],"6":[0,0]}}
,"/Users/hakim/projects/mytheresa/src/pages/wishlist/Wishlist.js": {"path":"/Users/hakim/projects/mytheresa/src/pages/wishlist/Wishlist.js","statementMap":{"0":{"start":{"line":8,"column":17},"end":{"line":28,"column":1}},"1":{"start":{"line":9,"column":19},"end":{"line":9,"column":63}},"2":{"start":{"line":10,"column":2},"end":{"line":12,"column":3}},"3":{"start":{"line":11,"column":4},"end":{"line":11,"column":61}},"4":{"start":{"line":13,"column":2},"end":{"line":27,"column":4}},"5":{"start":{"line":17,"column":8},"end":{"line":24,"column":13}}},"fnMap":{"0":{"name":"(anonymous_0)","decl":{"start":{"line":8,"column":17},"end":{"line":8,"column":18}},"loc":{"start":{"line":8,"column":23},"end":{"line":28,"column":1}},"line":8},"1":{"name":"(anonymous_1)","decl":{"start":{"line":16,"column":20},"end":{"line":16,"column":21}},"loc":{"start":{"line":17,"column":8},"end":{"line":24,"column":13}},"line":17}},"branchMap":{"0":{"loc":{"start":{"line":10,"column":2},"end":{"line":12,"column":3}},"type":"if","locations":[{"start":{"line":10,"column":2},"end":{"line":12,"column":3}},{"start":{},"end":{}}],"line":10},"1":{"loc":{"start":{"line":10,"column":6},"end":{"line":10,"column":39}},"type":"binary-expr","locations":[{"start":{"line":10,"column":6},"end":{"line":10,"column":14}},{"start":{"line":10,"column":18},"end":{"line":10,"column":39}}],"line":10}},"s":{"0":0,"1":0,"2":0,"3":0,"4":0,"5":0},"f":{"0":0,"1":0},"b":{"0":[0,0],"1":[0,0]}}
,"/Users/hakim/projects/mytheresa/src/routes/MythRoutes.js": {"path":"/Users/hakim/projects/mytheresa/src/routes/MythRoutes.js","statementMap":{"0":{"start":{"line":11,"column":19},"end":{"line":24,"column":1}},"1":{"start":{"line":12,"column":2},"end":{"line":23,"column":4}}},"fnMap":{"0":{"name":"(anonymous_0)","decl":{"start":{"line":11,"column":19},"end":{"line":11,"column":20}},"loc":{"start":{"line":11,"column":25},"end":{"line":24,"column":1}},"line":11}},"branchMap":{},"s":{"0":0,"1":0},"f":{"0":0},"b":{}}
,"/Users/hakim/projects/mytheresa/src/stores/Movie.js": {"path":"/Users/hakim/projects/mytheresa/src/stores/Movie.js","statementMap":{"0":{"start":{"line":3,"column":26},"end":{"line":10,"column":1}},"1":{"start":{"line":12,"column":26},"end":{"line":53,"column":2}},"2":{"start":{"line":17,"column":6},"end":{"line":17,"column":53}},"3":{"start":{"line":20,"column":6},"end":{"line":20,"column":52}},"4":{"start":{"line":23,"column":6},"end":{"line":23,"column":52}},"5":{"start":{"line":26,"column":6},"end":{"line":26,"column":48}},"6":{"start":{"line":30,"column":6},"end":{"line":30,"column":48}},"7":{"start":{"line":31,"column":6},"end":{"line":31,"column":77}},"8":{"start":{"line":35,"column":6},"end":{"line":35,"column":95}},"9":{"start":{"line":35,"column":67},"end":{"line":35,"column":93}},"10":{"start":{"line":36,"column":6},"end":{"line":36,"column":77}},"11":{"start":{"line":41,"column":19},"end":{"line":41,"column":63}},"12":{"start":{"line":42,"column":6},"end":{"line":50,"column":11}},"13":{"start":{"line":45,"column":10},"end":{"line":49,"column":11}},"14":{"start":{"line":46,"column":12},"end":{"line":46,"column":42}},"15":{"start":{"line":48,"column":12},"end":{"line":48,"column":43}},"16":{"start":{"line":55,"column":129},"end":{"line":55,"column":147}}},"fnMap":{"0":{"name":"(anonymous_0)","decl":{"start":{"line":16,"column":21},"end":{"line":16,"column":22}},"loc":{"start":{"line":16,"column":46},"end":{"line":18,"column":5}},"line":16},"1":{"name":"(anonymous_1)","decl":{"start":{"line":19,"column":20},"end":{"line":19,"column":21}},"loc":{"start":{"line":19,"column":45},"end":{"line":21,"column":5}},"line":19},"2":{"name":"(anonymous_2)","decl":{"start":{"line":22,"column":20},"end":{"line":22,"column":21}},"loc":{"start":{"line":22,"column":45},"end":{"line":24,"column":5}},"line":22},"3":{"name":"(anonymous_3)","decl":{"start":{"line":25,"column":21},"end":{"line":25,"column":22}},"loc":{"start":{"line":25,"column":46},"end":{"line":27,"column":5}},"line":25},"4":{"name":"(anonymous_4)","decl":{"start":{"line":29,"column":17},"end":{"line":29,"column":18}},"loc":{"start":{"line":29,"column":42},"end":{"line":32,"column":5}},"line":29},"5":{"name":"(anonymous_5)","decl":{"start":{"line":34,"column":21},"end":{"line":34,"column":22}},"loc":{"start":{"line":34,"column":46},"end":{"line":37,"column":5}},"line":34},"6":{"name":"(anonymous_6)","decl":{"start":{"line":35,"column":57},"end":{"line":35,"column":58}},"loc":{"start":{"line":35,"column":67},"end":{"line":35,"column":93}},"line":35},"7":{"name":"(anonymous_7)","decl":{"start":{"line":40,"column":19},"end":{"line":40,"column":20}},"loc":{"start":{"line":40,"column":44},"end":{"line":51,"column":5}},"line":40},"8":{"name":"(anonymous_8)","decl":{"start":{"line":44,"column":21},"end":{"line":44,"column":22}},"loc":{"start":{"line":44,"column":40},"end":{"line":50,"column":9}},"line":44}},"branchMap":{"0":{"loc":{"start":{"line":42,"column":6},"end":{"line":50,"column":10}},"type":"binary-expr","locations":[{"start":{"line":42,"column":6},"end":{"line":42,"column":10}},{"start":{"line":43,"column":8},"end":{"line":43,"column":19}},{"start":{"line":44,"column":8},"end":{"line":50,"column":10}}],"line":42},"1":{"loc":{"start":{"line":45,"column":10},"end":{"line":49,"column":11}},"type":"if","locations":[{"start":{"line":45,"column":10},"end":{"line":49,"column":11}},{"start":{"line":47,"column":17},"end":{"line":49,"column":11}}],"line":45}},"s":{"0":0,"1":0,"2":0,"3":0,"4":0,"5":0,"6":0,"7":0,"8":0,"9":0,"10":0,"11":0,"12":0,"13":0,"14":0,"15":0,"16":0},"f":{"0":0,"1":0,"2":0,"3":0,"4":0,"5":0,"6":0,"7":0,"8":0},"b":{"0":[0,0,0],"1":[0,0]}}
,"/Users/hakim/projects/mytheresa/src/utils/Constants.js": {"path":"/Users/hakim/projects/mytheresa/src/utils/Constants.js","statementMap":{"0":{"start":{"line":2,"column":13},"end":{"line":11,"column":1}}},"fnMap":{},"branchMap":{},"s":{"0":1},"f":{},"b":{},"_coverageSchema":"1a1c01bbd47fc00a2c39e90264f33305004495a9","hash":"0f85867421411f0f67a316f9f0bfe4191f4f3684"}
,"/Users/hakim/projects/mytheresa/src/utils/Globals.js": {"path":"/Users/hakim/projects/mytheresa/src/utils/Globals.js","statementMap":{"0":{"start":{"line":3,"column":30},"end":{"line":5,"column":1}},"1":{"start":{"line":4,"column":2},"end":{"line":4,"column":22}},"2":{"start":{"line":7,"column":26},"end":{"line":9,"column":1}},"3":{"start":{"line":8,"column":2},"end":{"line":8,"column":120}},"4":{"start":{"line":11,"column":28},"end":{"line":19,"column":1}},"5":{"start":{"line":12,"column":2},"end":{"line":12,"column":108}},"6":{"start":{"line":12,"column":36},"end":{"line":12,"column":108}},"7":{"start":{"line":13,"column":16},"end":{"line":13,"column":69}},"8":{"start":{"line":14,"column":2},"end":{"line":18,"column":59}},"9":{"start":{"line":21,"column":30},"end":{"line":24,"column":1}},"10":{"start":{"line":22,"column":2},"end":{"line":22,"column":73}},"11":{"start":{"line":22,"column":38},"end":{"line":22,"column":73}},"12":{"start":{"line":23,"column":2},"end":{"line":23,"column":64}}},"fnMap":{"0":{"name":"(anonymous_0)","decl":{"start":{"line":3,"column":30},"end":{"line":3,"column":31}},"loc":{"start":{"line":3,"column":36},"end":{"line":5,"column":1}},"line":3},"1":{"name":"(anonymous_1)","decl":{"start":{"line":7,"column":26},"end":{"line":7,"column":27}},"loc":{"start":{"line":7,"column":37},"end":{"line":9,"column":1}},"line":7},"2":{"name":"(anonymous_2)","decl":{"start":{"line":11,"column":28},"end":{"line":11,"column":29}},"loc":{"start":{"line":11,"column":70},"end":{"line":19,"column":1}},"line":11},"3":{"name":"(anonymous_3)","decl":{"start":{"line":21,"column":30},"end":{"line":21,"column":31}},"loc":{"start":{"line":21,"column":49},"end":{"line":24,"column":1}},"line":21}},"branchMap":{"0":{"loc":{"start":{"line":8,"column":9},"end":{"line":8,"column":119}},"type":"binary-expr","locations":[{"start":{"line":8,"column":9},"end":{"line":8,"column":37}},{"start":{"line":8,"column":42},"end":{"line":8,"column":48}},{"start":{"line":8,"column":52},"end":{"line":8,"column":77}},{"start":{"line":8,"column":83},"end":{"line":8,"column":89}},{"start":{"line":8,"column":93},"end":{"line":8,"column":118}}],"line":8},"1":{"loc":{"start":{"line":11,"column":29},"end":{"line":11,"column":51}},"type":"default-arg","locations":[{"start":{"line":11,"column":47},"end":{"line":11,"column":51}}],"line":11},"2":{"loc":{"start":{"line":12,"column":2},"end":{"line":12,"column":108}},"type":"if","locations":[{"start":{"line":12,"column":2},"end":{"line":12,"column":108}},{"start":{},"end":{}}],"line":12},"3":{"loc":{"start":{"line":14,"column":9},"end":{"line":18,"column":58}},"type":"cond-expr","locations":[{"start":{"line":15,"column":6},"end":{"line":17,"column":32}},{"start":{"line":18,"column":6},"end":{"line":18,"column":58}}],"line":14},"4":{"loc":{"start":{"line":15,"column":6},"end":{"line":17,"column":32}},"type":"cond-expr","locations":[{"start":{"line":16,"column":8},"end":{"line":16,"column":51}},{"start":{"line":17,"column":8},"end":{"line":17,"column":32}}],"line":15},"5":{"loc":{"start":{"line":21,"column":36},"end":{"line":21,"column":44}},"type":"default-arg","locations":[{"start":{"line":21,"column":42},"end":{"line":21,"column":44}}],"line":21},"6":{"loc":{"start":{"line":22,"column":2},"end":{"line":22,"column":73}},"type":"if","locations":[{"start":{"line":22,"column":2},"end":{"line":22,"column":73}},{"start":{},"end":{}}],"line":22},"7":{"loc":{"start":{"line":22,"column":6},"end":{"line":22,"column":36}},"type":"binary-expr","locations":[{"start":{"line":22,"column":6},"end":{"line":22,"column":9}},{"start":{"line":22,"column":13},"end":{"line":22,"column":36}}],"line":22},"8":{"loc":{"start":{"line":23,"column":9},"end":{"line":23,"column":63}},"type":"cond-expr","locations":[{"start":{"line":23,"column":28},"end":{"line":23,"column":57}},{"start":{"line":23,"column":60},"end":{"line":23,"column":63}}],"line":23}},"s":{"0":1,"1":5,"2":1,"3":7,"4":1,"5":7,"6":3,"7":4,"8":4,"9":1,"10":2,"11":0,"12":2},"f":{"0":5,"1":7,"2":7,"3":2},"b":{"0":[7,7,3,7,3],"1":[1],"2":[3,4],"3":[2,2],"4":[1,1],"5":[1],"6":[0,2],"7":[2,2],"8":[1,1]},"_coverageSchema":"1a1c01bbd47fc00a2c39e90264f33305004495a9","hash":"669658d03cd9eb07826d859773560d9ab7bce106"}
,"/Users/hakim/projects/mytheresa/src/utils/HttpVerbs.js": {"path":"/Users/hakim/projects/mytheresa/src/utils/HttpVerbs.js","statementMap":{"0":{"start":{"line":1,"column":19},"end":{"line":6,"column":1}}},"fnMap":{},"branchMap":{},"s":{"0":1},"f":{},"b":{},"_coverageSchema":"1a1c01bbd47fc00a2c39e90264f33305004495a9","hash":"c8fef05349379ca5c8b5c61810d4de12e7e3943a"}
,"/Users/hakim/projects/mytheresa/src/utils/RequestErrors.js": {"path":"/Users/hakim/projects/mytheresa/src/utils/RequestErrors.js","statementMap":{"0":{"start":{"line":1,"column":22},"end":{"line":8,"column":1}},"1":{"start":{"line":2,"column":2},"end":{"line":2,"column":46}},"2":{"start":{"line":2,"column":33},"end":{"line":2,"column":46}},"3":{"start":{"line":3,"column":2},"end":{"line":6,"column":3}},"4":{"start":{"line":4,"column":4},"end":{"line":4,"column":76}},"5":{"start":{"line":4,"column":49},"end":{"line":4,"column":76}},"6":{"start":{"line":5,"column":4},"end":{"line":5,"column":44}},"7":{"start":{"line":7,"column":2},"end":{"line":7,"column":23}}},"fnMap":{"0":{"name":"(anonymous_0)","decl":{"start":{"line":1,"column":22},"end":{"line":1,"column":23}},"loc":{"start":{"line":1,"column":33},"end":{"line":8,"column":1}},"line":1}},"branchMap":{"0":{"loc":{"start":{"line":2,"column":2},"end":{"line":2,"column":46}},"type":"if","locations":[{"start":{"line":2,"column":2},"end":{"line":2,"column":46}},{"start":{},"end":{}}],"line":2},"1":{"loc":{"start":{"line":3,"column":2},"end":{"line":6,"column":3}},"type":"if","locations":[{"start":{"line":3,"column":2},"end":{"line":6,"column":3}},{"start":{},"end":{}}],"line":3},"2":{"loc":{"start":{"line":4,"column":4},"end":{"line":4,"column":76}},"type":"if","locations":[{"start":{"line":4,"column":4},"end":{"line":4,"column":76}},{"start":{},"end":{}}],"line":4}},"s":{"0":0,"1":0,"2":0,"3":0,"4":0,"5":0,"6":0,"7":0},"f":{"0":0},"b":{"0":[0,0],"1":[0,0],"2":[0,0]}}
}
